2025-03-26 21:08:03.274 [info] Extension host with pid 2027 started
2025-03-26 21:08:03.274 [error] Error: EEXIST: file already exists, open '/home/shreya/.codeoss/data/User/workspaceStorage/6a5bb224/vscode.lock'
2025-03-26 21:08:03.280 [info] Lock '/home/shreya/.codeoss/data/User/workspaceStorage/6a5bb224/vscode.lock': Could not acquire lock, checking if the file is stale.
2025-03-26 21:08:03.285 [info] Lock '/home/shreya/.codeoss/data/User/workspaceStorage/6a5bb224/vscode.lock': The lock does not look stale, elapsed: 762 ms, giving up.
2025-03-26 21:08:03.298 [info] Lock '/home/shreya/.codeoss/data/User/workspaceStorage/6a5bb224-1/vscode.lock': Lock acquired.
2025-03-26 21:08:03.490 [info] ExtensionService#_doActivateExtension vscode.emmet, startup: false, activationEvent: 'onLanguage'
2025-03-26 21:08:03.491 [info] ExtensionService#_doActivateExtension vscode.html-language-features, startup: false, activationEvent: 'onLanguage:html'
2025-03-26 21:08:04.217 [info] ExtensionService#_doActivateExtension vscode.git-base, startup: true, activationEvent: '*', root cause: vscode.git
2025-03-26 21:08:04.396 [info] ExtensionService#_doActivateExtension vscode.git, startup: true, activationEvent: '*'
2025-03-26 21:08:04.399 [info] ExtensionService#_doActivateExtension vscode.github, startup: true, activationEvent: '*'
2025-03-26 21:08:05.231 [info] ExtensionService#_doActivateExtension redhat.fabric8-analytics, startup: true, activationEvent: 'workspaceContains:**/package.json,**/pom.xml,**/go.mod,**/requirements.txt,**/build.gradle,**/Dockerfile,**/Containerfile'
2025-03-26 21:08:06.005 [info] Eager extensions activated
2025-03-26 21:08:06.005 [info] ExtensionService#_doActivateExtension EditorConfig.EditorConfig, startup: false, activationEvent: 'onStartupFinished'
2025-03-26 21:08:06.010 [info] ExtensionService#_doActivateExtension google.cloud-shell, startup: false, activationEvent: 'onStartupFinished'
2025-03-26 21:08:06.010 [info] ExtensionService#_doActivateExtension google.geminicodeassist, startup: false, activationEvent: 'onStartupFinished', root cause: googlecloudtools.cloudcode
2025-03-26 21:08:06.012 [info] ExtensionService#_doActivateExtension vscode.debug-auto-launch, startup: false, activationEvent: 'onStartupFinished'
2025-03-26 21:08:06.016 [info] ExtensionService#_doActivateExtension vscode.merge-conflict, startup: false, activationEvent: 'onStartupFinished'
2025-03-26 21:08:07.727 [info] ExtensionService#_doActivateExtension googlecloudtools.cloudcode, startup: false, activationEvent: 'onStartupFinished'
2025-03-26 21:08:10.008 [info] ExtensionService#_doActivateExtension vscode.configuration-editing, startup: false, activationEvent: 'onLanguage:jsonc'
2025-03-26 21:08:10.008 [info] ExtensionService#_doActivateExtension vscode.json-language-features, startup: false, activationEvent: 'onLanguage:jsonc'
2025-03-26 21:08:10.008 [info] ExtensionService#_doActivateExtension vscode.typescript-language-features, startup: false, activationEvent: 'onLanguage:jsonc'
