2025-03-27 09:44:01.798 [info] [main] Log level: Info
2025-03-27 09:44:01.798 [info] [main] Validating found git in: "git"
2025-03-27 09:44:01.798 [info] [main] Using git "2.43.0" from "git"
2025-03-27 09:44:01.798 [info] [Model][doInitialScan] Initial repository scan started
2025-03-27 09:44:01.798 [info] > git rev-parse --show-toplevel [10ms]
2025-03-27 09:44:01.798 [info] fatal: not a git repository (or any parent up to mount point /)
Stopping at filesystem boundary (GIT_DISCOVERY_ACROSS_FILESYSTEM not set).
2025-03-27 09:44:01.798 [info] > git rev-parse --show-toplevel [5ms]
2025-03-27 09:44:01.798 [info] fatal: not a git repository (or any parent up to mount point /)
Stopping at filesystem boundary (GIT_DISCOVERY_ACROSS_FILESYSTEM not set).
2025-03-27 09:44:01.819 [info] > git rev-parse --show-toplevel [11ms]
2025-03-27 09:44:01.819 [info] fatal: not a git repository (or any parent up to mount point /)
Stopping at filesystem boundary (GIT_DISCOVERY_ACROSS_FILESYSTEM not set).
2025-03-27 09:44:01.835 [info] > git rev-parse --show-toplevel [5ms]
2025-03-27 09:44:01.836 [info] fatal: not a git repository (or any parent up to mount point /)
Stopping at filesystem boundary (GIT_DISCOVERY_ACROSS_FILESYSTEM not set).
2025-03-27 09:44:01.848 [info] > git rev-parse --show-toplevel [3ms]
2025-03-27 09:44:01.850 [info] fatal: not a git repository (or any parent up to mount point /)
Stopping at filesystem boundary (GIT_DISCOVERY_ACROSS_FILESYSTEM not set).
2025-03-27 09:44:01.871 [info] > git rev-parse --show-toplevel [12ms]
2025-03-27 09:44:01.871 [info] fatal: not a git repository (or any parent up to mount point /)
Stopping at filesystem boundary (GIT_DISCOVERY_ACROSS_FILESYSTEM not set).
2025-03-27 09:44:01.884 [info] > git rev-parse --show-toplevel [4ms]
2025-03-27 09:44:01.884 [info] fatal: not a git repository (or any parent up to mount point /)
Stopping at filesystem boundary (GIT_DISCOVERY_ACROSS_FILESYSTEM not set).
2025-03-27 09:44:01.893 [info] > git rev-parse --show-toplevel [3ms]
2025-03-27 09:44:01.893 [info] fatal: not a git repository (or any parent up to mount point /)
Stopping at filesystem boundary (GIT_DISCOVERY_ACROSS_FILESYSTEM not set).
2025-03-27 09:44:01.913 [info] > git rev-parse --show-toplevel [10ms]
2025-03-27 09:44:01.913 [info] fatal: not a git repository (or any parent up to mount point /)
Stopping at filesystem boundary (GIT_DISCOVERY_ACROSS_FILESYSTEM not set).
2025-03-27 09:44:01.937 [info] > git rev-parse --show-toplevel [12ms]
2025-03-27 09:44:01.937 [info] fatal: not a git repository (or any parent up to mount point /)
Stopping at filesystem boundary (GIT_DISCOVERY_ACROSS_FILESYSTEM not set).
2025-03-27 09:44:01.943 [info] [Model][doInitialScan] Initial repository scan completed - repositories (0), closed repositories (0), parent repositories (0), unsafe repositories (0)
2025-03-27 09:44:15.922 [info] > git rev-parse --show-toplevel [9ms]
2025-03-27 09:44:15.924 [info] fatal: not a git repository (or any parent up to mount point /)
Stopping at filesystem boundary (GIT_DISCOVERY_ACROSS_FILESYSTEM not set).
2025-03-27 09:45:30.247 [info] > git rev-parse --show-toplevel [8ms]
2025-03-27 09:45:30.247 [info] fatal: not a git repository (or any parent up to mount point /)
Stopping at filesystem boundary (GIT_DISCOVERY_ACROSS_FILESYSTEM not set).
2025-03-27 09:46:29.705 [info] > git rev-parse --show-toplevel [6ms]
2025-03-27 09:46:29.705 [info] fatal: not a git repository (or any parent up to mount point /)
Stopping at filesystem boundary (GIT_DISCOVERY_ACROSS_FILESYSTEM not set).
2025-03-27 09:47:09.978 [info] > git rev-parse --show-toplevel [2ms]
2025-03-27 09:47:09.978 [info] fatal: not a git repository (or any parent up to mount point /)
Stopping at filesystem boundary (GIT_DISCOVERY_ACROSS_FILESYSTEM not set).
2025-03-27 09:47:09.989 [info] > git rev-parse --show-toplevel [1ms]
2025-03-27 09:47:09.989 [info] fatal: not a git repository (or any parent up to mount point /)
Stopping at filesystem boundary (GIT_DISCOVERY_ACROSS_FILESYSTEM not set).
2025-03-27 09:47:09.998 [info] > git rev-parse --show-toplevel [3ms]
2025-03-27 09:47:09.998 [info] fatal: not a git repository (or any parent up to mount point /)
Stopping at filesystem boundary (GIT_DISCOVERY_ACROSS_FILESYSTEM not set).
2025-03-27 09:47:10.007 [info] > git rev-parse --show-toplevel [2ms]
2025-03-27 09:47:10.007 [info] fatal: not a git repository (or any parent up to mount point /)
Stopping at filesystem boundary (GIT_DISCOVERY_ACROSS_FILESYSTEM not set).
2025-03-27 09:47:10.015 [info] > git rev-parse --show-toplevel [1ms]
2025-03-27 09:47:10.015 [info] fatal: not a git repository (or any parent up to mount point /)
Stopping at filesystem boundary (GIT_DISCOVERY_ACROSS_FILESYSTEM not set).
2025-03-27 09:48:29.513 [info] > git rev-parse --show-toplevel [4ms]
2025-03-27 09:48:29.513 [info] fatal: not a git repository (or any parent up to mount point /)
Stopping at filesystem boundary (GIT_DISCOVERY_ACROSS_FILESYSTEM not set).
2025-03-27 09:52:47.010 [info] > git rev-parse --show-toplevel [4ms]
2025-03-27 09:52:47.010 [info] fatal: not a git repository (or any parent up to mount point /)
Stopping at filesystem boundary (GIT_DISCOVERY_ACROSS_FILESYSTEM not set).
2025-03-27 09:52:48.967 [info] > git rev-parse --show-toplevel [4ms]
2025-03-27 09:52:48.967 [info] fatal: not a git repository (or any parent up to mount point /)
Stopping at filesystem boundary (GIT_DISCOVERY_ACROSS_FILESYSTEM not set).
2025-03-27 09:52:50.261 [info] > git rev-parse --show-toplevel [5ms]
2025-03-27 09:52:50.261 [info] fatal: not a git repository (or any parent up to mount point /)
Stopping at filesystem boundary (GIT_DISCOVERY_ACROSS_FILESYSTEM not set).
2025-03-27 10:00:52.944 [info] > git rev-parse --show-toplevel [2ms]
2025-03-27 10:00:52.944 [info] fatal: not a git repository (or any parent up to mount point /)
Stopping at filesystem boundary (GIT_DISCOVERY_ACROSS_FILESYSTEM not set).
2025-03-27 10:01:09.622 [info] > git rev-parse --show-toplevel [4ms]
2025-03-27 10:01:09.622 [info] fatal: not a git repository (or any parent up to mount point /)
Stopping at filesystem boundary (GIT_DISCOVERY_ACROSS_FILESYSTEM not set).
2025-03-27 10:01:32.706 [info] > git rev-parse --show-toplevel [4ms]
2025-03-27 10:01:32.706 [info] fatal: not a git repository (or any parent up to mount point /)
Stopping at filesystem boundary (GIT_DISCOVERY_ACROSS_FILESYSTEM not set).
2025-03-27 10:07:19.940 [info] > git rev-parse --show-toplevel [18ms]
2025-03-27 10:07:19.940 [info] fatal: not a git repository (or any parent up to mount point /)
Stopping at filesystem boundary (GIT_DISCOVERY_ACROSS_FILESYSTEM not set).
2025-03-27 10:24:20.747 [info] > git rev-parse --show-toplevel [8ms]
2025-03-27 10:24:20.747 [info] fatal: not a git repository (or any parent up to mount point /)
Stopping at filesystem boundary (GIT_DISCOVERY_ACROSS_FILESYSTEM not set).
2025-03-27 10:24:20.786 [info] > git rev-parse --show-toplevel [3ms]
2025-03-27 10:24:20.790 [info] fatal: not a git repository (or any parent up to mount point /)
Stopping at filesystem boundary (GIT_DISCOVERY_ACROSS_FILESYSTEM not set).
2025-03-27 10:24:20.817 [info] > git rev-parse --show-toplevel [4ms]
2025-03-27 10:24:20.820 [info] fatal: not a git repository (or any parent up to mount point /)
Stopping at filesystem boundary (GIT_DISCOVERY_ACROSS_FILESYSTEM not set).
2025-03-27 10:24:20.847 [info] > git rev-parse --show-toplevel [4ms]
2025-03-27 10:24:20.848 [info] fatal: not a git repository (or any parent up to mount point /)
Stopping at filesystem boundary (GIT_DISCOVERY_ACROSS_FILESYSTEM not set).
2025-03-27 10:24:20.874 [info] > git rev-parse --show-toplevel [3ms]
2025-03-27 10:24:20.874 [info] fatal: not a git repository (or any parent up to mount point /)
Stopping at filesystem boundary (GIT_DISCOVERY_ACROSS_FILESYSTEM not set).
2025-03-27 10:24:20.902 [info] > git rev-parse --show-toplevel [8ms]
2025-03-27 10:24:20.902 [info] fatal: not a git repository (or any parent up to mount point /)
Stopping at filesystem boundary (GIT_DISCOVERY_ACROSS_FILESYSTEM not set).
2025-03-27 10:24:20.934 [info] > git rev-parse --show-toplevel [9ms]
2025-03-27 10:24:20.935 [info] fatal: not a git repository (or any parent up to mount point /)
Stopping at filesystem boundary (GIT_DISCOVERY_ACROSS_FILESYSTEM not set).
2025-03-27 10:24:20.957 [info] > git rev-parse --show-toplevel [4ms]
2025-03-27 10:24:20.959 [info] fatal: not a git repository (or any parent up to mount point /)
Stopping at filesystem boundary (GIT_DISCOVERY_ACROSS_FILESYSTEM not set).
2025-03-27 10:24:20.982 [info] > git rev-parse --show-toplevel [4ms]
2025-03-27 10:24:20.982 [info] fatal: not a git repository (or any parent up to mount point /)
Stopping at filesystem boundary (GIT_DISCOVERY_ACROSS_FILESYSTEM not set).
2025-03-27 10:24:21.003 [info] > git rev-parse --show-toplevel [5ms]
2025-03-27 10:24:21.003 [info] fatal: not a git repository (or any parent up to mount point /)
Stopping at filesystem boundary (GIT_DISCOVERY_ACROSS_FILESYSTEM not set).
2025-03-27 10:34:02.315 [warning] [Model][getRepositoryExact] Failed to get repository realpath for: "/home/shreya/gmeet-addon/node_modules/fast-uri/". Error:Error: ENOENT: no such file or directory, realpath '/home/shreya/gmeet-addon/node_modules/fast-uri/'
2025-03-27 10:34:10.191 [warning] [Model][getRepositoryExact] Failed to get repository realpath for: "/home/shreya/node_modules/fast-uri/". Error:Error: ENOENT: no such file or directory, realpath '/home/shreya/node_modules/fast-uri/'
2025-03-27 10:34:16.524 [info] > git rev-parse --show-toplevel [12ms]
2025-03-27 10:34:16.524 [info] fatal: not a git repository (or any parent up to mount point /)
Stopping at filesystem boundary (GIT_DISCOVERY_ACROSS_FILESYSTEM not set).
2025-03-27 10:34:16.579 [info] > git rev-parse --show-toplevel [9ms]
2025-03-27 10:34:16.579 [info] fatal: not a git repository (or any parent up to mount point /)
Stopping at filesystem boundary (GIT_DISCOVERY_ACROSS_FILESYSTEM not set).
2025-03-27 10:34:16.642 [info] > git rev-parse --show-toplevel [13ms]
2025-03-27 10:34:16.642 [info] fatal: not a git repository (or any parent up to mount point /)
Stopping at filesystem boundary (GIT_DISCOVERY_ACROSS_FILESYSTEM not set).
2025-03-27 10:34:24.763 [info] > git rev-parse --show-toplevel [2ms]
2025-03-27 10:34:24.763 [info] fatal: not a git repository (or any parent up to mount point /)
Stopping at filesystem boundary (GIT_DISCOVERY_ACROSS_FILESYSTEM not set).
2025-03-27 10:34:24.774 [info] > git rev-parse --show-toplevel [3ms]
2025-03-27 10:34:24.774 [info] fatal: not a git repository (or any parent up to mount point /)
Stopping at filesystem boundary (GIT_DISCOVERY_ACROSS_FILESYSTEM not set).
2025-03-27 10:34:24.784 [info] > git rev-parse --show-toplevel [2ms]
2025-03-27 10:34:24.784 [info] fatal: not a git repository (or any parent up to mount point /)
Stopping at filesystem boundary (GIT_DISCOVERY_ACROSS_FILESYSTEM not set).
2025-03-27 10:43:32.301 [warning] [Model][getRepositoryExact] Failed to get repository realpath for: "/home/shreya/gmeet-addon". Error:Error: ENOENT: no such file or directory, realpath '/home/shreya/gmeet-addon'
2025-03-27 10:43:33.574 [warning] [Model][getRepositoryExact] Failed to get repository realpath for: "/home/shreya/gmeet-addon". Error:Error: ENOENT: no such file or directory, realpath '/home/shreya/gmeet-addon'
2025-03-27 10:43:34.582 [warning] [Model][getRepositoryExact] Failed to get repository realpath for: "/home/shreya/gmeet-addon". Error:Error: ENOENT: no such file or directory, realpath '/home/shreya/gmeet-addon'
2025-03-27 10:49:36.062 [info] > git rev-parse --show-toplevel [2ms]
2025-03-27 10:49:36.062 [info] fatal: not a git repository (or any parent up to mount point /)
Stopping at filesystem boundary (GIT_DISCOVERY_ACROSS_FILESYSTEM not set).
2025-03-27 10:49:36.090 [info] > git rev-parse --show-toplevel [1ms]
2025-03-27 10:49:36.091 [info] fatal: not a git repository (or any parent up to mount point /)
Stopping at filesystem boundary (GIT_DISCOVERY_ACROSS_FILESYSTEM not set).
2025-03-27 10:49:36.120 [info] > git rev-parse --show-toplevel [2ms]
2025-03-27 10:49:36.120 [info] fatal: not a git repository (or any parent up to mount point /)
Stopping at filesystem boundary (GIT_DISCOVERY_ACROSS_FILESYSTEM not set).
2025-03-27 10:49:36.155 [info] > git rev-parse --show-toplevel [2ms]
2025-03-27 10:49:36.156 [info] fatal: not a git repository (or any parent up to mount point /)
Stopping at filesystem boundary (GIT_DISCOVERY_ACROSS_FILESYSTEM not set).
2025-03-27 10:49:36.188 [info] > git rev-parse --show-toplevel [4ms]
2025-03-27 10:49:36.188 [info] fatal: not a git repository (or any parent up to mount point /)
Stopping at filesystem boundary (GIT_DISCOVERY_ACROSS_FILESYSTEM not set).
2025-03-27 10:49:36.219 [info] > git rev-parse --show-toplevel [6ms]
2025-03-27 10:49:36.219 [info] fatal: not a git repository (or any parent up to mount point /)
Stopping at filesystem boundary (GIT_DISCOVERY_ACROSS_FILESYSTEM not set).
2025-03-27 10:49:36.252 [info] > git rev-parse --show-toplevel [2ms]
2025-03-27 10:49:36.252 [info] fatal: not a git repository (or any parent up to mount point /)
Stopping at filesystem boundary (GIT_DISCOVERY_ACROSS_FILESYSTEM not set).
2025-03-27 10:49:36.284 [info] > git rev-parse --show-toplevel [2ms]
2025-03-27 10:49:36.284 [info] fatal: not a git repository (or any parent up to mount point /)
Stopping at filesystem boundary (GIT_DISCOVERY_ACROSS_FILESYSTEM not set).
2025-03-27 10:49:36.312 [info] > git rev-parse --show-toplevel [2ms]
2025-03-27 10:49:36.313 [info] fatal: not a git repository (or any parent up to mount point /)
Stopping at filesystem boundary (GIT_DISCOVERY_ACROSS_FILESYSTEM not set).
2025-03-27 10:49:36.342 [info] > git rev-parse --show-toplevel [2ms]
2025-03-27 10:49:36.343 [info] fatal: not a git repository (or any parent up to mount point /)
Stopping at filesystem boundary (GIT_DISCOVERY_ACROSS_FILESYSTEM not set).
2025-03-27 10:49:36.372 [info] > git rev-parse --show-toplevel [4ms]
2025-03-27 10:49:36.372 [info] fatal: not a git repository (or any parent up to mount point /)
Stopping at filesystem boundary (GIT_DISCOVERY_ACROSS_FILESYSTEM not set).
2025-03-27 10:49:36.401 [info] > git rev-parse --show-toplevel [2ms]
2025-03-27 10:49:36.401 [info] fatal: not a git repository (or any parent up to mount point /)
Stopping at filesystem boundary (GIT_DISCOVERY_ACROSS_FILESYSTEM not set).
2025-03-27 10:49:36.428 [info] > git rev-parse --show-toplevel [2ms]
2025-03-27 10:49:36.434 [info] fatal: not a git repository (or any parent up to mount point /)
Stopping at filesystem boundary (GIT_DISCOVERY_ACROSS_FILESYSTEM not set).
2025-03-27 10:49:36.463 [info] > git rev-parse --show-toplevel [2ms]
2025-03-27 10:49:36.464 [info] fatal: not a git repository (or any parent up to mount point /)
Stopping at filesystem boundary (GIT_DISCOVERY_ACROSS_FILESYSTEM not set).
2025-03-27 10:49:36.491 [info] > git rev-parse --show-toplevel [2ms]
2025-03-27 10:49:36.492 [info] fatal: not a git repository (or any parent up to mount point /)
Stopping at filesystem boundary (GIT_DISCOVERY_ACROSS_FILESYSTEM not set).
2025-03-27 11:10:00.206 [info] > git rev-parse --show-toplevel [4ms]
2025-03-27 11:10:00.237 [info] > git rev-parse --git-dir --git-common-dir [3ms]
2025-03-27 11:10:00.260 [info] [Model][openRepository] Opened repository: /home/shreya
2025-03-27 11:10:00.311 [info] > git config --get commit.template [6ms]
2025-03-27 11:10:00.352 [info] [Git][getRemotes] No remotes found in the git config file
2025-03-27 11:10:00.356 [info] > git for-each-ref --format=%(refname)%00%(upstream:short)%00%(objectname)%00%(upstream:track)%00%(upstream:remotename)%00%(upstream:remoteref) refs/heads/master refs/remotes/master [10ms]
2025-03-27 11:10:00.357 [warning] [Git][getBranch] No such branch: master
2025-03-27 11:10:00.454 [info] > git for-each-ref --sort -committerdate --format %(refname) %(objectname) %(*objectname) [8ms]
2025-03-27 11:10:00.576 [info] > git status -z -uall [186ms] (cancelled)
2025-03-27 11:10:00.583 [info] > git check-ignore -v -z --stdin [7ms]
2025-03-27 11:10:01.099 [info] > git check-ignore -v -z --stdin [3ms]
