0 verbose cli /usr/local/nvm/versions/node/v22.14.0/bin/node /usr/local/nvm/versions/node/v22.14.0/bin/npm
1 info using npm@11.2.0
2 info using node@v22.14.0
3 silly config load:file:/usr/local/nvm/versions/node/v22.14.0/lib/node_modules/npm/npmrc
4 silly config load:file:/home/shreya/.npmrc
5 silly config load:file:/home/shreya/etc/npmrc
6 verbose title npm i
7 verbose argv "i" "--package-lock-only" "--prefix" "/home/shreya"
8 verbose logfile logs-max:10 dir:/home/shreya/.npm/_logs/2025-03-27T10_43_42_716Z-
9 verbose logfile /home/shreya/.npm/_logs/2025-03-27T10_43_42_716Z-debug-0.log
10 silly logfile start cleaning logs, removing 1 files
11 silly packumentCache heap:2197815296 maxSize:549453824 maxEntrySize:274726912
12 silly logfile done cleaning log files
13 silly idealTree buildDeps
14 silly audit bulk request { '@googleworkspace/meet-addons': [ '1.2.0' ] }
15 http fetch POST 200 https://registry.npmjs.org/-/npm/v1/security/advisories/bulk 298ms
16 silly audit report {}
17 verbose cwd /home/shreya
18 verbose os Linux 6.6.72+
19 verbose node v22.14.0
20 verbose npm  v11.2.0
21 verbose exit 0
22 info ok
