0 verbose cli /usr/local/nvm/versions/node/v22.14.0/bin/node /usr/local/nvm/versions/node/v22.14.0/bin/npm
1 info using npm@11.2.0
2 info using node@v22.14.0
3 silly config load:file:/usr/local/nvm/versions/node/v22.14.0/lib/node_modules/npm/npmrc
4 silly config load:file:/home/shreya/.npmrc
5 silly config load:file:/usr/local/nvm/versions/node/v22.14.0/etc/npmrc
6 verbose title npm install @googleworkspace/meet-addons
7 verbose argv "install" "@googleworkspace/meet-addons"
8 verbose logfile logs-max:10 dir:/home/shreya/.npm/_logs/2025-03-27T10_40_49_356Z-
9 verbose logfile /home/shreya/.npm/_logs/2025-03-27T10_40_49_356Z-debug-0.log
10 silly logfile start cleaning logs, removing 1 files
11 silly packumentCache heap:2197815296 maxSize:549453824 maxEntrySize:274726912
12 silly logfile done cleaning log files
13 silly idealTree buildDeps
14 silly fetch manifest @googleworkspace/meet-addons@*
15 silly packumentCache full:https://registry.npmjs.org/@googleworkspace%2fmeet-addons cache-miss
16 http fetch GET 200 https://registry.npmjs.org/@googleworkspace%2fmeet-addons 1680ms (cache updated)
17 silly packumentCache full:https://registry.npmjs.org/@googleworkspace%2fmeet-addons set size:undefined disposed:false
18 silly placeDep ROOT @googleworkspace/meet-addons@1.2.0 OK for:  want: *
19 silly reify moves {}
20 http cache @googleworkspace/meet-addons@https://registry.npmjs.org/@googleworkspace/meet-addons/-/meet-addons-1.2.0.tgz 1ms (cache hit)
21 silly ADD node_modules/@googleworkspace/meet-addons
22 verbose cwd /home/shreya
23 verbose os Linux 6.6.72+
24 verbose node v22.14.0
25 verbose npm  v11.2.0
26 verbose exit 0
27 info ok
