Initializing document watcher...
Document watcher initialized
/User/settings.json: Using EditorConfig core...
shreya/gmeet-addon/test.js: {}
shreya/gmeet-addon/test.js: {}
shreya/gmeet-addon/test.js: {}
shreya/gmeet-addon/test.js: Using EditorConfig core...
shreya/gmeet-addon/test.js: {}
shreya/gmeet-addon/test.js: Using EditorConfig core...
shreya/gmeet-addon/test.js: {}
shreya/gmeet-addon/test.js: {}
shreya/gmeet-addon/test.js: {}
shreya/gmeet-addon/test.js: {}
shreya/gmeet-addon/test.js: {}
shreya/gmeet-addon/main.js: {}
shreya/gmeet-addon/main.js: Using EditorConfig core...
shreya/gmeet-addon/main.js: {}
shreya/gmeet-addon/main.js: Using EditorConfig core...
shreya/gmeet-addon/main.js: {}
shreya/gmeet-addon/main.js: {}
shreya/gmeet-addon/main.js: {}
shreya/gmeet-addon/sidepanel.html: {}
shreya/gmeet-addon/sidepanel.html: {}
shreya/gmeet-addon/sidepanel.html: Using EditorConfig core...
shreya/gmeet-addon/sidepanel.html: {}
