Initializing document watcher...
Document watcher initialized
shreya/gmeet-addon/main.js: {}
shreya/gmeet-addon/main.js: {}
shreya/gmeet-addon/main.js: {}
shreya/gmeet-addon/main.js: {}
shreya/gmeet-addon/main.js: {}
shreya/gmeet-addon/package.json: {}
shreya/gmeet-addon/package.json: {}
shreya/gmeet-addon/package.json: Using EditorConfig core...
shreya/gmeet-addon/package.json: {}
shreya/gmeet-addon/package.json: Using EditorConfig core...
shreya/gmeet-addon/package.json: {}
shreya/Untitled-1: {}
/User/settings.json: Using EditorConfig core...
shreya/gmeet-addon/sidepanel.html: {}
shreya/gmeet-addon/package.json: {}
shreya/gmeet-addon/Untitled-1.json: Using EditorConfig core...
shreya/gmeet-addon/package.json: Using EditorConfig core...
shreya/package.json: {}
shreya/package.json: {}
shreya/package.json: {}
shreya/package.json: Using EditorConfig core...
shreya/package.json: Using EditorConfig core...
shreya/gmeet-addon/package.json: {}
shreya/package.json: {}
shreya/package.json: Using EditorConfig core...
shreya/package.json: {}
shreya/package.json: Using EditorConfig core...
shreya/Untitled-1: {}
shreya/gmeet-addon/webpack.config.js: {}
shreya/package-lock.json: {}
shreya/package.json: {}
shreya/Untitled-1: {}
shreya/package.json: {}
shreya/Untitled-1: {}
shreya/package.json: {}
shreya/package.json: Using EditorConfig core...
shreya/Untitled-1: {}
shreya/package.json: {}
shreya/gmeet-addon/package.json: {}
shreya/package-lock.json: {}
shreya/package.json: {}
shreya/package.json: Using EditorConfig core...
shreya/package.json: Using EditorConfig core...
shreya/package.json: Using EditorConfig core...
shreya/package.json: {}
shreya/package.json: {}
shreya/package.json: {}
shreya/gmeet-addon/webpack.config.js: {}
shreya/gmeet-addon/webpack.config.js: {}
shreya/gmeet-addon/webpack.config.js: Using EditorConfig core...
shreya/gmeet-addon/webpack.config.js: {}
shreya/gmeet-addon/webpack.config.js: Using EditorConfig core...
shreya/gmeet-addon/webpack.config.js: {}
shreya/gmeet-addon/webpack.config.js: {}
shreya/gmeet-addon/webpack.config.js: {}
shreya/gmeet-addon/webpack.config.js: Using EditorConfig core...
shreya/gmeet-addon/webpack.config.js: Using EditorConfig core...
shreya/gmeet-addon/webpack.config.js: Using EditorConfig core...
shreya/gmeet-addon/webpack.config.js: Using EditorConfig core...
shreya/gmeet-addon/webpack.config.js: Using EditorConfig core...
shreya/src/main.js: {}
shreya/src/main.js: {}
shreya/src/main.js: {}
shreya/src/main.js: {}
shreya/gmeet-addon/src/main.js: {}
shreya/gmeet-addon/src/main.js: {}
shreya/gmeet-addon/src/main.js: {}
shreya/gmeet-addon/package.json: {}
shreya/gmeet-addon/package.json: {}
shreya/gmeet-addon/package.json: {}
shreya/gmeet-addon/webpack.config.js: {}
shreya/gmeet-addon/webpack.config.js: {}
shreya/gmeet-addon/webpack.config.js: Using EditorConfig core...
shreya/gmeet-addon/webpack.config.js: {}
shreya/gmeet-addon/babel.config.json: {}
shreya/gmeet-addon/babel.config.json: {}
shreya/gmeet-addon/babel.config.json: Using EditorConfig core...
shreya/gmeet-addon/babel.config.json: {}
shreya/gmeet-addon/babel.config.json: {}
shreya/gmeet-addon/package.json: {}
shreya/gmeet-addon/package.json: Using EditorConfig core...
shreya/gmeet-addon/package.json: {}
shreya/gmeet-addon/package.json: {}
shreya/gmeet-addon/package.json: Using EditorConfig core...
shreya/package.json: {}
shreya/package.json: {}
shreya/package.json: {}
shreya/package.json: {}
shreya/package.json: {}
shreya/package.json: {}
shreya/package.json: {}
shreya/README-cloudshell.txt: {}
No more open editors.
No more open editors.
No more open editors.
No more open editors.
No more open editors.
No more open editors.
shreya/package-lock.json: {}
shreya/package.json: {}
shreya/package.json: {}
shreya/src: {}
shreya/package.json: {}
shreya/package.json: {}
shreya/src/main.js: {}
shreya/src/main.js: {}
shreya/src/main.js: Using EditorConfig core...
shreya/src/main.js: {}
shreya/src/main.js: Using EditorConfig core...
shreya/src/main.js: {}
shreya/src/MainStage.html: {}
shreya/src/MainStage.html: Using EditorConfig core...
shreya/src/MainStage.html: Using EditorConfig core...
shreya/src/MainStage.html: {}
shreya/src/MainStage.html: Using EditorConfig core...
shreya/src/MainStage.html: {}
shreya/src/SidePanel.html: {}
shreya/src/SidePanel.html: Using EditorConfig core...
shreya/src/SidePanel.html: {}
shreya/src/SidePanel.html: {}
shreya/package.json: {}
shreya/package.json: {}
shreya/package.json: Using EditorConfig core...
shreya/package-lock.json: {}
shreya/package-lock.json: {}
shreya/webpack.config.js: {}
shreya/webpack.config.js: {}
shreya/webpack.config.js: Using EditorConfig core...
shreya/webpack.config.js: {}
shreya/webpack.config.js: {}
shreya/webpack.config.js: {}
shreya/webpack.config.js: {}
shreya/webpack.config.js: {}
shreya/webpack.config.js: {}
shreya/webpack.config.js: {}
shreya/webpack.config.js: Using EditorConfig core...
shreya/webpack.config.js: {}
shreya/webpack.config.js: Using EditorConfig core...
shreya/webpack.config.js: {}
shreya/webpack.config.js: {}
shreya/webpack.config.js: {}
shreya/webpack.config.js: {}
shreya/webpack.config.js: {}
shreya/webpack.config.js: {}
shreya/webpack.config.js: Using EditorConfig core...
shreya/webpack.config.js: {}
shreya/webpack.config.js: Using EditorConfig core...
shreya/webpack.config.js: Using EditorConfig core...
shreya/webpack.config.js: {}
shreya/webpack.config.js: Using EditorConfig core...
shreya/webpack.config.js: {}
shreya/webpack.config.js: Using EditorConfig core...
shreya/webpack.config.js: Using EditorConfig core...
shreya/webpack.config.js: Using EditorConfig core...
shreya/webpack.config.js: Using EditorConfig core...
shreya/webpack.config.js: {}
shreya/webpack.config.js: {}
shreya/webpack.config.js: Using EditorConfig core...
shreya/webpack.config.js: {}
shreya/webpack.config.js: {}
shreya/dist/hello-world/main.js: {}
shreya/webpack.config.js: {}
shreya/webpack.config.js: {}
shreya/webpack.config.js: {}
shreya/webpack.config.js: {}
shreya/webpack.config.js: {}
shreya/webpack.config.js: {}
shreya/webpack.config.js: {}
shreya/webpack.config.js: {}
shreya/webpack.config.js: {}
shreya/webpack.config.js: {}
shreya/home/shreya/.gitignore: {}
shreya/.gitignore: Using EditorConfig core...
shreya/webpack.config.js: {}
shreya/.gitignore: {}
shreya/.gitignore: Using EditorConfig core...
