[Warn  - 10:04:14 AM] Component Analysis Error: TypeError: Cannot convert undefined or null to object
npm error code EJSONPARSE
npm error path /home/shreya/gmeet-addon/package.json
npm error JSON.parse Expected ',' or '}' after property value in JSON at position 169 (line 8 column 5) while parsing near "...ed\\\" && exit 1\"\n    \"build\": \"webpack\"\n ..."
npm error JSON.parse Failed to parse JSON data.
npm error JSON.parse Note: package.json must be actual JSON, not just JavaScript.
npm error A complete log of this run can be found in: /home/shreya/.npm/_logs/2025-03-27T10_06_04_289Z-debug-0.log
[Warn  - 10:06:04 AM] Component Analysis Error: Error: Command failed: npm i --package-lock-only --prefix /home/shreya/gmeet-addon
npm error code EJSONPARSE
npm error path /home/shreya/gmeet-addon/package.json
npm error JSON.parse Expected ',' or '}' after property value in JSON at position 169 (line 8 column 5) while parsing near "...ed\\\" && exit 1\"\n    \"build\": \"webpack\"\n ..."
npm error JSON.parse Failed to parse JSON data.
npm error JSON.parse Note: package.json must be actual JSON, not just JavaScript.
npm error A complete log of this run can be found in: /home/shreya/.npm/_logs/2025-03-27T10_06_04_289Z-debug-0.log

[Warn  - 10:07:42 AM] Component Analysis Error: TypeError: Cannot convert undefined or null to object
npm error code EJSONPARSE
npm error path /home/shreya/package.json
npm error JSON.parse Unexpected non-whitespace character after JSON at position 85 (line 7 column 1) while parsing near "...li\": \"^6.0.1\"\n  }\n}\n\"scripts\": {\n    \"bu..."
npm error JSON.parse Failed to parse JSON data.
npm error JSON.parse Note: package.json must be actual JSON, not just JavaScript.
npm error A complete log of this run can be found in: /home/shreya/.npm/_logs/2025-03-27T10_08_08_197Z-debug-0.log
[Warn  - 10:08:08 AM] Component Analysis Error: Error: Command failed: npm i --package-lock-only --prefix /home/shreya
npm error code EJSONPARSE
npm error path /home/shreya/package.json
npm error JSON.parse Unexpected non-whitespace character after JSON at position 85 (line 7 column 1) while parsing near "...li\": \"^6.0.1\"\n  }\n}\n\"scripts\": {\n    \"bu..."
npm error JSON.parse Failed to parse JSON data.
npm error JSON.parse Note: package.json must be actual JSON, not just JavaScript.
npm error A complete log of this run can be found in: /home/shreya/.npm/_logs/2025-03-27T10_08_08_197Z-debug-0.log

[Warn  - 10:08:14 AM] Component Analysis Error: TypeError: Cannot convert undefined or null to object
[Warn  - 10:08:34 AM] Component Analysis Error: TypeError: Cannot convert undefined or null to object
npm error code EJSONPARSE
npm error path /home/shreya/package.json
npm error JSON.parse Expected ',' or '}' after property value in JSON at position 85 (line 6 column 3) while parsing near "...li\": \"^6.0.1\"\n  }\n  \"scripts\": {\n    \"bu..."
npm error JSON.parse Failed to parse JSON data.
npm error JSON.parse Note: package.json must be actual JSON, not just JavaScript.
npm error A complete log of this run can be found in: /home/shreya/.npm/_logs/2025-03-27T10_08_40_136Z-debug-0.log
[Warn  - 10:08:40 AM] Component Analysis Error: Error: Command failed: npm i --package-lock-only --prefix /home/shreya
npm error code EJSONPARSE
npm error path /home/shreya/package.json
npm error JSON.parse Expected ',' or '}' after property value in JSON at position 85 (line 6 column 3) while parsing near "...li\": \"^6.0.1\"\n  }\n  \"scripts\": {\n    \"bu..."
npm error JSON.parse Failed to parse JSON data.
npm error JSON.parse Note: package.json must be actual JSON, not just JavaScript.
npm error A complete log of this run can be found in: /home/shreya/.npm/_logs/2025-03-27T10_08_40_136Z-debug-0.log

npm error code EJSONPARSE
npm error path /home/shreya/package.json
npm error JSON.parse Expected ',' or '}' after property value in JSON at position 85 (line 6 column 3) while parsing near "...li\": \"^6.0.1\"\n  }\n  \"scripts\": {\n    \"bu..."
npm error JSON.parse Failed to parse JSON data.
npm error JSON.parse Note: package.json must be actual JSON, not just JavaScript.
npm error A complete log of this run can be found in: /home/shreya/.npm/_logs/2025-03-27T10_10_00_184Z-debug-0.log
[Warn  - 10:10:00 AM] Component Analysis Error: Error: Command failed: npm i --package-lock-only --prefix /home/shreya
npm error code EJSONPARSE
npm error path /home/shreya/package.json
npm error JSON.parse Expected ',' or '}' after property value in JSON at position 85 (line 6 column 3) while parsing near "...li\": \"^6.0.1\"\n  }\n  \"scripts\": {\n    \"bu..."
npm error JSON.parse Failed to parse JSON data.
npm error JSON.parse Note: package.json must be actual JSON, not just JavaScript.
npm error A complete log of this run can be found in: /home/shreya/.npm/_logs/2025-03-27T10_10_00_184Z-debug-0.log

npm error code EJSONPARSE
npm error path /home/shreya/package.json
npm error JSON.parse Expected double-quoted property name in JSON at position 82 (line 5 column 3) while parsing near "...k-cli\": \"^6.0.1\",\n  }\n  \"scripts\": {\n   ..."
npm error JSON.parse Failed to parse JSON data.
npm error JSON.parse Note: package.json must be actual JSON, not just JavaScript.
npm error A complete log of this run can be found in: /home/shreya/.npm/_logs/2025-03-27T10_10_21_631Z-debug-0.log
[Warn  - 10:10:22 AM] Component Analysis Error: Error: Command failed: npm i --package-lock-only --prefix /home/shreya
npm error code EJSONPARSE
npm error path /home/shreya/package.json
npm error JSON.parse Expected double-quoted property name in JSON at position 82 (line 5 column 3) while parsing near "...k-cli\": \"^6.0.1\",\n  }\n  \"scripts\": {\n   ..."
npm error JSON.parse Failed to parse JSON data.
npm error JSON.parse Note: package.json must be actual JSON, not just JavaScript.
npm error A complete log of this run can be found in: /home/shreya/.npm/_logs/2025-03-27T10_10_21_631Z-debug-0.log

npm error code EJSONPARSE
npm error path /home/shreya/package.json
npm error JSON.parse Expected ',' or '}' after property value in JSON at position 85 (line 6 column 3) while parsing near "...li\": \"^6.0.1\"\n  }\n  \"scripts\": {\n    \"bu..."
npm error JSON.parse Failed to parse JSON data.
npm error JSON.parse Note: package.json must be actual JSON, not just JavaScript.
npm error A complete log of this run can be found in: /home/shreya/.npm/_logs/2025-03-27T10_10_23_571Z-debug-0.log
[Warn  - 10:10:23 AM] Component Analysis Error: Error: Command failed: npm i --package-lock-only --prefix /home/shreya
npm error code EJSONPARSE
npm error path /home/shreya/package.json
npm error JSON.parse Expected ',' or '}' after property value in JSON at position 85 (line 6 column 3) while parsing near "...li\": \"^6.0.1\"\n  }\n  \"scripts\": {\n    \"bu..."
npm error JSON.parse Failed to parse JSON data.
npm error JSON.parse Note: package.json must be actual JSON, not just JavaScript.
npm error A complete log of this run can be found in: /home/shreya/.npm/_logs/2025-03-27T10_10_23_571Z-debug-0.log

[Warn  - 10:10:27 AM] Component Analysis Error: TypeError: Cannot convert undefined or null to object
