2025-03-26 20:51:29.274 [info] [main] Log level: Info
2025-03-26 20:51:29.274 [info] [main] Validating found git in: "git"
2025-03-26 20:51:29.274 [info] [main] Using git "2.43.0" from "git"
2025-03-26 20:51:29.274 [info] [Model][doInitialScan] Initial repository scan started
2025-03-26 20:51:29.274 [info] > git rev-parse --show-toplevel [5ms]
2025-03-26 20:51:29.274 [info] fatal: not a git repository (or any parent up to mount point /)
Stopping at filesystem boundary (GIT_DISCOVERY_ACROSS_FILESYSTEM not set).
2025-03-26 20:51:29.274 [info] > git rev-parse --show-toplevel [2ms]
2025-03-26 20:51:29.274 [info] fatal: not a git repository (or any parent up to mount point /)
Stopping at filesystem boundary (GIT_DISCOVERY_ACROSS_FILESYSTEM not set).
2025-03-26 20:51:29.274 [info] > git rev-parse --show-toplevel [3ms]
2025-03-26 20:51:29.274 [info] fatal: not a git repository (or any parent up to mount point /)
Stopping at filesystem boundary (GIT_DISCOVERY_ACROSS_FILESYSTEM not set).
2025-03-26 20:51:29.274 [info] > git rev-parse --show-toplevel [2ms]
2025-03-26 20:51:29.274 [info] fatal: not a git repository (or any parent up to mount point /)
Stopping at filesystem boundary (GIT_DISCOVERY_ACROSS_FILESYSTEM not set).
2025-03-26 20:51:29.274 [info] > git rev-parse --show-toplevel [2ms]
2025-03-26 20:51:29.274 [info] fatal: not a git repository (or any parent up to mount point /)
Stopping at filesystem boundary (GIT_DISCOVERY_ACROSS_FILESYSTEM not set).
2025-03-26 20:51:29.274 [info] > git rev-parse --show-toplevel [1ms]
2025-03-26 20:51:29.274 [info] fatal: not a git repository (or any parent up to mount point /)
Stopping at filesystem boundary (GIT_DISCOVERY_ACROSS_FILESYSTEM not set).
2025-03-26 20:51:29.274 [info] > git rev-parse --show-toplevel [1ms]
2025-03-26 20:51:29.274 [info] fatal: not a git repository (or any parent up to mount point /)
Stopping at filesystem boundary (GIT_DISCOVERY_ACROSS_FILESYSTEM not set).
2025-03-26 20:51:29.274 [info] [Model][doInitialScan] Initial repository scan completed - repositories (0), closed repositories (0), parent repositories (0), unsafe repositories (0)
2025-03-26 20:51:32.217 [info] > git rev-parse --show-toplevel [8ms]
2025-03-26 20:51:32.217 [info] fatal: not a git repository (or any parent up to mount point /)
Stopping at filesystem boundary (GIT_DISCOVERY_ACROSS_FILESYSTEM not set).
2025-03-26 20:56:15.732 [info] > git rev-parse --show-toplevel [8ms]
2025-03-26 20:56:15.732 [info] fatal: not a git repository (or any parent up to mount point /)
Stopping at filesystem boundary (GIT_DISCOVERY_ACROSS_FILESYSTEM not set).
2025-03-26 21:03:46.261 [info] > git rev-parse --show-toplevel [8ms]
2025-03-26 21:03:46.261 [info] fatal: not a git repository (or any parent up to mount point /)
Stopping at filesystem boundary (GIT_DISCOVERY_ACROSS_FILESYSTEM not set).
2025-03-26 21:06:44.038 [info] > git rev-parse --show-toplevel [3ms]
2025-03-26 21:06:44.038 [info] fatal: not a git repository (or any parent up to mount point /)
Stopping at filesystem boundary (GIT_DISCOVERY_ACROSS_FILESYSTEM not set).
