Initializing document watcher...
Document watcher initialized
shreya/gmeet-addon/sidepanel.html: {}
shreya/gmeet-addon/main.js: {}
shreya/gmeet-addon/main.js: {}
shreya/gmeet-addon/main.js: {}
shreya/gmeet-addon/main.js: {}
shreya/gmeet-addon/sidepanel.html: {}
shreya/gmeet-addon/sidepanel.html: {}
shreya/gmeet-addon/sidepanel.html: {}
shreya/gmeet-addon/main.js: {}
shreya/gmeet-addon/main.js: {}
shreya/gmeet-addon/main.js: {}
shreya/gmeet-addon/main.js: {}
shreya/gmeet-addon/webpack.config.js: {}
shreya/gmeet-addon/webpack.config.js: {}
shreya/gmeet-addon/webpack.config.js: {}
shreya/gmeet-addon/webpack.config.js: Using EditorConfig core...
shreya/gmeet-addon/webpack.config.js: {}
shreya/gmeet-addon/webpack.config.js: {}
shreya/gmeet-addon/webpack.config.js: {}
shreya/gmeet-addon/webpack.config.js: {}
shreya/gmeet-addon/webpack.config.js: {}
shreya/gmeet-addon/webpack.config.js: {}
shreya/gmeet-addon/webpack.config.js: {}
shreya/gmeet-addon/webpack.config.js: {}
shreya/gmeet-addon/webpack.config.js: {}
shreya/gmeet-addon/sidepanel.html: {}
shreya/gmeet-addon/webpack.config.js: {}
shreya/gmeet-addon/main.js: {}
shreya/gmeet-addon/main.js: {}
shreya/gmeet-addon/main.js: {}
shreya/gmeet-addon/main.js: {}
shreya/gmeet-addon/main.js: Using EditorConfig core...
shreya/gmeet-addon/main.js: Using EditorConfig core...
shreya/gmeet-addon/main.js: {}
shreya/gmeet-addon/main.js: {}
shreya/gmeet-addon/main.js: Using EditorConfig core...
shreya/gmeet-addon/main.js: {}
shreya/gmeet-addon/mainStage.html: {}
shreya/gmeet-addon/mainStage.html: {}
shreya/gmeet-addon/mainStage.html: {}
shreya/gmeet-addon/MainStage.html: {}
shreya/gmeet-addon/MainStage.html: {}
shreya/gmeet-addon/MainStage.html: Using EditorConfig core...
shreya/gmeet-addon/MainStage.html: {}
shreya/gmeet-addon/MainStage.html: {}
shreya/gmeet-addon/main.js: {}
shreya/gmeet-addon/main.js: {}
shreya/gmeet-addon/main.js: {}
shreya/gmeet-addon/main.js: {}
shreya/gmeet-addon/main.js: {}
shreya/gmeet-addon/MainStage.html: {}
shreya/gmeet-addon/MainStage.html: {}
shreya/gmeet-addon/webpack.config.js: {}
shreya/gmeet-addon/sidepanel.html: {}
No more open editors.
